# JRE version: Java(TM) SE Runtime Environment (15.0.1+9) (build 15.0.1+9-18)
# Java VM: Java HotSpot(TM) 64-Bit Server VM (15.0.1+9-18, mixed mode, sharing, tiered, compressed oops, g1 gc, bsd-amd64)
GC Precious Log:
 CPUs: 8 total, 8 available
 Memory: 8192M
 Large Page Support: Disabled
 NUMA Support: Disabled
 Compressed Oops: Enabled (Zero based)
 Heap Region Size: 1M
 Heap Min Capacity: 8M
 Heap Initial Capacity: 128M
 Heap Max Capacity: 2G
 Pre-touch: Disabled
 Parallel Workers: 8
 Concurrent Workers: 2
 Concurrent Refinement Workers: 8
 Periodic GC: Disabled
Heap:
 garbage-first heap   total 58368K, used 20973K [0x0000000780000000, 0x0000000800000000)
  region size 1024K, 7 young (7168K), 3 survivors (3072K)
 Metaspace       used 33509K, capacity 34024K, committed 34432K, reserved 1079296K
  class space    used 4550K, capacity 4687K, committed 4736K, reserved 1048576K
GC Heap History (14 events):
Event: 1.007 GC heap before
{Heap before GC invocations=0 (full 0):
 garbage-first heap   total 133120K, used 23336K [0x0000000780000000, 0x0000000800000000)
  region size 1024K, 23 young (23552K), 0 survivors (0K)
 Metaspace       used 5874K, capacity 7370K, committed 7552K, reserved 1056768K
  class space    used 700K, capacity 849K, committed 896K, reserved 1048576K
}
Event: 1.017 GC heap after
{Heap after GC invocations=1 (full 0):
 garbage-first heap   total 133120K, used 6636K [0x0000000780000000, 0x0000000800000000)
  region size 1024K, 3 young (3072K), 3 survivors (3072K)
 Metaspace       used 5874K, capacity 7370K, committed 7552K, reserved 1056768K
  class space    used 700K, capacity 849K, committed 896K, reserved 1048576K
}
Event: 1.946 GC heap before
{Heap before GC invocations=1 (full 0):
 garbage-first heap   total 133120K, used 38380K [0x0000000780000000, 0x0000000800000000)
  region size 1024K, 34 young (34816K), 3 survivors (3072K)
 Metaspace       used 12556K, capacity 12762K, committed 13056K, reserved 1060864K
  class space    used 1598K, capacity 1662K, committed 1792K, reserved 1048576K
}
Event: 1.954 GC heap after
{Heap after GC invocations=2 (full 0):
 garbage-first heap   total 133120K, used 8933K [0x0000000780000000, 0x0000000800000000)
  region size 1024K, 3 young (3072K), 3 survivors (3072K)
 Metaspace       used 12556K, capacity 12762K, committed 13056K, reserved 1060864K
  class space    used 1598K, capacity 1662K, committed 1792K, reserved 1048576K
}
Event: 2.854 GC heap before
{Heap before GC invocations=2 (full 0):
 garbage-first heap   total 133120K, used 50917K [0x0000000780000000, 0x0000000800000000)
  region size 1024K, 46 young (47104K), 3 survivors (3072K)
 Metaspace       used 20777K, capacity 21053K, committed 21296K, reserved 1069056K
  class space    used 2586K, capacity 2669K, committed 2688K, reserved 1048576K
}
Event: 2.861 GC heap after
{Heap after GC invocations=3 (full 0):
 garbage-first heap   total 133120K, used 10971K [0x0000000780000000, 0x0000000800000000)
  region size 1024K, 5 young (5120K), 5 survivors (5120K)
 Metaspace       used 20777K, capacity 21053K, committed 21296K, reserved 1069056K
  class space    used 2586K, capacity 2669K, committed 2688K, reserved 1048576K
}
Event: 3.702 GC heap before
{Heap before GC invocations=4 (full 0):
 garbage-first heap   total 48128K, used 34523K [0x0000000780000000, 0x0000000800000000)
  region size 1024K, 28 young (28672K), 5 survivors (5120K)
 Metaspace       used 24261K, capacity 24644K, committed 24960K, reserved 1071104K
  class space    used 3069K, capacity 3175K, committed 3200K, reserved 1048576K
}
Event: 3.714 GC heap after
{Heap after GC invocations=5 (full 0):
 garbage-first heap   total 48128K, used 13579K [0x0000000780000000, 0x0000000800000000)
  region size 1024K, 3 young (3072K), 3 survivors (3072K)
 Metaspace       used 24261K, capacity 24644K, committed 24960K, reserved 1071104K
  class space    used 3069K, capacity 3175K, committed 3200K, reserved 1048576K
}
Event: 4.340 GC heap before
{Heap before GC invocations=5 (full 0):
 garbage-first heap   total 48128K, used 33035K [0x0000000780000000, 0x0000000800000000)
  region size 1024K, 22 young (22528K), 3 survivors (3072K)
 Metaspace       used 26314K, capacity 26667K, committed 27136K, reserved 1073152K
  class space    used 3406K, capacity 3505K, committed 3584K, reserved 1048576K
}
Event: 4.348 GC heap after
{Heap after GC invocations=6 (full 0):
 garbage-first heap   total 48128K, used 15087K [0x0000000780000000, 0x0000000800000000)
  region size 1024K, 2 young (2048K), 2 survivors (2048K)
 Metaspace       used 26314K, capacity 26667K, committed 27136K, reserved 1073152K
  class space    used 3406K, capacity 3505K, committed 3584K, reserved 1048576K
}
Event: 4.778 GC heap before
{Heap before GC invocations=6 (full 0):
 garbage-first heap   total 48128K, used 33519K [0x0000000780000000, 0x0000000800000000)
  region size 1024K, 20 young (20480K), 2 survivors (2048K)
 Metaspace       used 27791K, capacity 28168K, committed 28672K, reserved 1075200K
  class space    used 3590K, capacity 3703K, committed 3840K, reserved 1048576K
}
Event: 4.786 GC heap after
{Heap after GC invocations=7 (full 0):
 garbage-first heap   total 58368K, used 17342K [0x0000000780000000, 0x0000000800000000)
  region size 1024K, 2 young (2048K), 2 survivors (2048K)
 Metaspace       used 27791K, capacity 28168K, committed 28672K, reserved 1075200K
  class space    used 3590K, capacity 3703K, committed 3840K, reserved 1048576K
}
Event: 5.275 GC heap before
{Heap before GC invocations=7 (full 0):
 garbage-first heap   total 58368K, used 39870K [0x0000000780000000, 0x0000000800000000)
  region size 1024K, 25 young (25600K), 2 survivors (2048K)
 Metaspace       used 32817K, capacity 33293K, committed 33792K, reserved 1079296K
  class space    used 4429K, capacity 4551K, committed 4608K, reserved 1048576K
}
Event: 5.280 GC heap after
{Heap after GC invocations=8 (full 0):
 garbage-first heap   total 58368K, used 17901K [0x0000000780000000, 0x0000000800000000)
  region size 1024K, 3 young (3072K), 3 survivors (3072K)
 Metaspace       used 32817K, capacity 33293K, committed 33792K, reserved 1079296K
  class space    used 4429K, capacity 4551K, committed 4608K, reserved 1048576K
}

